Connecting to database specified by database.yml
Started GET "/" for 127.0.0.1 at 2013-10-01 08:55:32 -0500
Processing by PagesController#home as HTML
  Rendered pages/home.html.erb within layouts/application (15.2ms)
  Rendered layouts/_messages.html.erb (3.1ms)
Completed 200 OK in 178ms (Views: 175.7ms | ActiveRecord: 0.0ms)
Started GET "/assets/dsd.png" for 127.0.0.1 at 2013-10-01 08:55:34 -0500
Served asset /dsd.png - 304 Not Modified (44ms)
Started GET "/assets/centro3.png" for 127.0.0.1 at 2013-10-01 08:55:34 -0500
Served asset /centro3.png - 304 Not Modified (33ms)
Started GET "/assets/sena_l.png" for 127.0.0.1 at 2013-10-01 08:55:35 -0500
Served asset /sena_l.png - 304 Not Modified (23ms)
Started GET "/login" for 127.0.0.1 at 2013-10-01 08:55:53 -0500
Processing by SessionsController#new as JS
  Rendered sessions/_form.html.erb (8.1ms)
  Rendered sessions/new.js.erb (27.4ms)
Completed 200 OK in 237ms (Views: 49.8ms | ActiveRecord: 24.1ms)
Started GET "/assets/fondo.png" for 127.0.0.1 at 2013-10-01 08:55:53 -0500
Served asset /fondo.png - 304 Not Modified (29ms)
Started POST "/sessions" for 127.0.0.1 at 2013-10-01 08:56:07 -0500
Processing by SessionsController#create as HTML
  Parameters: {"utf8"=>"✓", "authenticity_token"=>"FmqMVFyGa6nwZSa9UCsy3LGbxontVx5K1eC0pDV1UkU=", "email"=>"william.betancur@gmail.com", "password"=>"[FILTERED]", "commit"=>"Ingresar"}
Redirected to http://localhost:3000/
Completed 302 Found in 99ms (ActiveRecord: 87.7ms)
Started GET "/" for 127.0.0.1 at 2013-10-01 08:56:07 -0500
Processing by PagesController#home as HTML
  Rendered pages/home.html.erb within layouts/application (157.2ms)
  Rendered layouts/_messages.html.erb (0.3ms)
Completed 200 OK in 182ms (Views: 180.5ms | ActiveRecord: 0.0ms)
Started GET "/assets/dsd.png" for 127.0.0.1 at 2013-10-01 08:56:07 -0500
Served asset /dsd.png - 304 Not Modified (0ms)
Started GET "/assets/centro3.png" for 127.0.0.1 at 2013-10-01 08:56:07 -0500
Served asset /centro3.png - 304 Not Modified (0ms)
Started GET "/" for 127.0.0.1 at 2013-10-01 08:57:20 -0500
Processing by PagesController#home as HTML
  Rendered pages/home.html.erb within layouts/application (5.2ms)
  Rendered layouts/_messages.html.erb (0.3ms)
Completed 200 OK in 27ms (Views: 25.8ms | ActiveRecord: 0.0ms)
Started GET "/assets/dsd.png" for 127.0.0.1 at 2013-10-01 08:57:20 -0500
Served asset /dsd.png - 304 Not Modified (0ms)
Started GET "/assets/centro3.png" for 127.0.0.1 at 2013-10-01 08:57:20 -0500
Served asset /centro3.png - 304 Not Modified (0ms)
Started GET "/assets/sena_l.png" for 127.0.0.1 at 2013-10-01 08:57:21 -0500
Served asset /sena_l.png - 304 Not Modified (0ms)
Started GET "/login" for 127.0.0.1 at 2013-10-01 08:57:24 -0500
Processing by SessionsController#new as JS
  Rendered sessions/_form.html.erb (3.6ms)
  Rendered sessions/new.js.erb (6.1ms)
Completed 200 OK in 10ms (Views: 8.4ms | ActiveRecord: 0.0ms)
Started GET "/assets/fondo.png" for 127.0.0.1 at 2013-10-01 08:57:24 -0500
Served asset /fondo.png - 304 Not Modified (0ms)
Started POST "/sessions" for 127.0.0.1 at 2013-10-01 08:57:30 -0500
Processing by SessionsController#create as HTML
  Parameters: {"utf8"=>"✓", "authenticity_token"=>"FmqMVFyGa6nwZSa9UCsy3LGbxontVx5K1eC0pDV1UkU=", "email"=>"william.betancur@gmail.com", "password"=>"[FILTERED]", "commit"=>"Ingresar"}
Redirected to http://localhost:3000/
Completed 302 Found in 11ms (ActiveRecord: 2.4ms)
Started GET "/" for 127.0.0.1 at 2013-10-01 08:57:31 -0500
Processing by PagesController#home as HTML
  Rendered pages/home.html.erb within layouts/application (3.6ms)
  Rendered layouts/_messages.html.erb (0.3ms)
Completed 200 OK in 20ms (Views: 19.5ms | ActiveRecord: 0.0ms)
Started GET "/assets/dsd.png" for 127.0.0.1 at 2013-10-01 08:57:31 -0500
Served asset /dsd.png - 304 Not Modified (0ms)
Started GET "/assets/centro3.png" for 127.0.0.1 at 2013-10-01 08:57:31 -0500
Served asset /centro3.png - 304 Not Modified (0ms)
Connecting to database specified by database.yml
Connecting to database specified by database.yml
Compiled jquery.js  (190ms)  (pid 8690)
Compiled twitter/bootstrap/bootstrap-transition.js  (1ms)  (pid 8690)
Compiled twitter/bootstrap/bootstrap-alert.js  (2ms)  (pid 8690)
Compiled twitter/bootstrap/bootstrap-modal.js  (2ms)  (pid 8690)
Compiled twitter/bootstrap/bootstrap-dropdown.js  (1ms)  (pid 8690)
Compiled twitter/bootstrap/bootstrap-scrollspy.js  (1ms)  (pid 8690)
Compiled twitter/bootstrap/bootstrap-tab.js  (1ms)  (pid 8690)
Compiled twitter/bootstrap/bootstrap-tooltip.js  (2ms)  (pid 8690)
Compiled twitter/bootstrap/bootstrap-popover.js  (1ms)  (pid 8690)
Compiled twitter/bootstrap/bootstrap-button.js  (2ms)  (pid 8690)
Compiled twitter/bootstrap/bootstrap-collapse.js  (2ms)  (pid 8690)
Compiled twitter/bootstrap/bootstrap-carousel.js  (2ms)  (pid 8690)
Compiled twitter/bootstrap/bootstrap-typeahead.js  (2ms)  (pid 8690)
Compiled twitter/bootstrap/bootstrap-affix.js  (1ms)  (pid 8690)
Compiled twitter/bootstrap.js  (268ms)  (pid 8690)
Compiled jquery_ujs.js  (2ms)  (pid 8690)
Compiled lazybox.js  (1077ms)  (pid 8690)
Compiled jquery.ui.core.js  (1ms)  (pid 8690)
Compiled jquery.ui.widget.js  (2ms)  (pid 8690)
Compiled jquery.ui.accordion.js  (41ms)  (pid 8690)
Compiled jquery.ui.position.js  (3ms)  (pid 8690)
Compiled jquery.ui.menu.js  (45ms)  (pid 8690)
Compiled jquery.ui.autocomplete.js  (90ms)  (pid 8690)
Compiled jquery.ui.button.js  (18ms)  (pid 8690)
Compiled jquery.ui.datepicker.js  (14ms)  (pid 8690)
Compiled jquery.ui.mouse.js  (17ms)  (pid 8690)
Compiled jquery.ui.draggable.js  (54ms)  (pid 8690)
Compiled jquery.ui.resizable.js  (28ms)  (pid 8690)
Compiled jquery.ui.dialog.js  (156ms)  (pid 8690)
Compiled jquery.ui.droppable.js  (36ms)  (pid 8690)
Compiled jquery.ui.effect.js  (153ms)  (pid 8690)
Compiled jquery.ui.effect-blind.js  (176ms)  (pid 8690)
Compiled jquery.ui.effect-bounce.js  (9ms)  (pid 8690)
Compiled jquery.ui.effect-clip.js  (11ms)  (pid 8690)
Compiled jquery.ui.effect-drop.js  (12ms)  (pid 8690)
Compiled jquery.ui.effect-explode.js  (9ms)  (pid 8690)
Compiled jquery.ui.effect-fade.js  (9ms)  (pid 8690)
Compiled jquery.ui.effect-fold.js  (10ms)  (pid 8690)
Compiled jquery.ui.effect-highlight.js  (9ms)  (pid 8690)
Compiled jquery.ui.effect-pulsate.js  (9ms)  (pid 8690)
Compiled jquery.ui.effect-scale.js  (10ms)  (pid 8690)
Compiled jquery.ui.effect-shake.js  (12ms)  (pid 8690)
Compiled jquery.ui.effect-slide.js  (10ms)  (pid 8690)
Compiled jquery.ui.effect-transfer.js  (9ms)  (pid 8690)
Compiled jquery.ui.progressbar.js  (17ms)  (pid 8690)
Compiled jquery.ui.selectable.js  (25ms)  (pid 8690)
Compiled jquery.ui.slider.js  (26ms)  (pid 8690)
Compiled jquery.ui.sortable.js  (28ms)  (pid 8690)
Compiled jquery.ui.spinner.js  (29ms)  (pid 8690)
Compiled jquery.ui.tabs.js  (18ms)  (pid 8690)
Compiled jquery.ui.tooltip.js  (25ms)  (pid 8690)
Compiled jquery.ui.all.js  (1405ms)  (pid 8690)
Compiled autocomplete-rails.js  (1ms)  (pid 8690)
Compiled ayuda.js  (6ms)  (pid 8690)
Compiled bootstrap.js  (8ms)  (pid 8690)
Compiled categories.js  (2ms)  (pid 8690)
Compiled centers.js  (2ms)  (pid 8690)
Compiled cities.js  (2ms)  (pid 8690)
Compiled clients.js  (2ms)  (pid 8690)
Compiled conditions.js  (3ms)  (pid 8690)
Compiled consume_garments.js  (1ms)  (pid 8690)
Compiled consume_garments.js  (2ms)  (pid 8690)
Compiled countries.js  (5ms)  (pid 8690)
Compiled docs.js  (2ms)  (pid 8690)
Compiled donations.js  (2ms)  (pid 8690)
Compiled entrances.js  (1ms)  (pid 8690)
Compiled entrances.js  (2ms)  (pid 8690)
Compiled garments.js  (3ms)  (pid 8690)
Compiled graduates.js  (2ms)  (pid 8690)
Compiled inputs.js  (2ms)  (pid 8690)
Compiled occupations.js  (3ms)  (pid 8690)
Compiled pacumulations.js  (2ms)  (pid 8690)
Compiled preproduction_cost.js  (1ms)  (pid 8690)
Compiled preproduction_costs.js  (2ms)  (pid 8690)
Compiled procedures.js  (1ms)  (pid 8690)
Compiled procedures.js  (2ms)  (pid 8690)
Compiled production_orders.js  (1ms)  (pid 8690)
Compiled production_orders.js  (2ms)  (pid 8690)
Compiled productions.js  (1ms)  (pid 8690)
Compiled productions.js  (2ms)  (pid 8690)
Compiled purchase_descriptions.js  (2ms)  (pid 8690)
Compiled purchases.js  (1ms)  (pid 8690)
Compiled purchases.js  (2ms)  (pid 8690)
Compiled receipt_descriptions.js  (1ms)  (pid 8690)
Compiled receipt_descriptions.js  (2ms)  (pid 8690)
Compiled receipt_headers.js  (2ms)  (pid 8690)
Compiled records.js  (6ms)  (pid 8690)
Compiled regionals.js  (3ms)  (pid 8690)
Compiled regions.js  (2ms)  (pid 8690)
Compiled sessions.js  (2ms)  (pid 8690)
Compiled statistics.js  (2ms)  (pid 8690)
Compiled suppliers.js  (2ms)  (pid 8690)
Compiled types.js  (2ms)  (pid 8690)
Compiled unities.js  (3ms)  (pid 8690)
Compiled user.js  (1ms)  (pid 8690)
Compiled users.js  (2ms)  (pid 8690)
Compiled application.js  (3924ms)  (pid 8690)
Compiled lazybox.css  (97ms)  (pid 8690)
Compiled jquery.ui.core.css  (11ms)  (pid 8690)
Compiled jquery.ui.theme.css  (452ms)  (pid 8690)
Compiled jquery.ui.accordion.css  (488ms)  (pid 8690)
Compiled jquery.ui.menu.css  (27ms)  (pid 8690)
Compiled jquery.ui.autocomplete.css  (68ms)  (pid 8690)
Compiled jquery.ui.button.css  (33ms)  (pid 8690)
Compiled jquery.ui.datepicker.css  (46ms)  (pid 8690)
Compiled jquery.ui.resizable.css  (27ms)  (pid 8690)
Compiled jquery.ui.dialog.css  (85ms)  (pid 8690)
Compiled jquery.ui.progressbar.css  (42ms)  (pid 8690)
Compiled jquery.ui.selectable.css  (23ms)  (pid 8690)
Compiled jquery.ui.slider.css  (31ms)  (pid 8690)
Compiled jquery.ui.spinner.css  (58ms)  (pid 8690)
Compiled jquery.ui.tabs.css  (38ms)  (pid 8690)
Compiled jquery.ui.tooltip.css  (22ms)  (pid 8690)
Compiled jquery.ui.base.css  (1257ms)  (pid 8690)
Compiled jquery.ui.all.css  (1294ms)  (pid 8690)
Compiled bootstrap_and_overrides.css  (3648ms)  (pid 8690)
Compiled ayuda.css  (5ms)  (pid 8690)
Compiled centers.css  (4ms)  (pid 8690)
Compiled countries.css  (4ms)  (pid 8690)
Compiled jquery-ui.css  (1ms)  (pid 8690)
Compiled occupations.css  (6ms)  (pid 8690)
Compiled regionals.css  (4ms)  (pid 8690)
Compiled scaffolds.css  (30ms)  (pid 8690)
Compiled sessions.css  (5ms)  (pid 8690)
Compiled stadistics.css  (5ms)  (pid 8690)
Compiled users.css  (4ms)  (pid 8690)
Compiled application.css  (5347ms)  (pid 8690)
Connecting to database specified by database.yml
Compiled jquery.js  (21ms)  (pid 8690)
Compiled twitter/bootstrap/bootstrap-transition.js  (2ms)  (pid 8690)
Compiled twitter/bootstrap/bootstrap-alert.js  (2ms)  (pid 8690)
Compiled twitter/bootstrap/bootstrap-modal.js  (2ms)  (pid 8690)
Compiled twitter/bootstrap/bootstrap-dropdown.js  (1ms)  (pid 8690)
Compiled twitter/bootstrap/bootstrap-scrollspy.js  (1ms)  (pid 8690)
Compiled twitter/bootstrap/bootstrap-tab.js  (1ms)  (pid 8690)
Compiled twitter/bootstrap/bootstrap-tooltip.js  (2ms)  (pid 8690)
Compiled twitter/bootstrap/bootstrap-popover.js  (1ms)  (pid 8690)
Compiled twitter/bootstrap/bootstrap-button.js  (1ms)  (pid 8690)
Compiled twitter/bootstrap/bootstrap-collapse.js  (1ms)  (pid 8690)
Compiled twitter/bootstrap/bootstrap-carousel.js  (2ms)  (pid 8690)
Compiled twitter/bootstrap/bootstrap-typeahead.js  (2ms)  (pid 8690)
Compiled twitter/bootstrap/bootstrap-affix.js  (2ms)  (pid 8690)
Compiled twitter/bootstrap.js  (284ms)  (pid 8690)
Compiled jquery_ujs.js  (3ms)  (pid 8690)
Compiled lazybox.js  (1108ms)  (pid 8690)
Compiled jquery.ui.core.js  (2ms)  (pid 8690)
Compiled jquery.ui.widget.js  (2ms)  (pid 8690)
Compiled jquery.ui.accordion.js  (41ms)  (pid 8690)
Compiled jquery.ui.position.js  (2ms)  (pid 8690)
Compiled jquery.ui.menu.js  (47ms)  (pid 8690)
Compiled jquery.ui.autocomplete.js  (99ms)  (pid 8690)
Compiled jquery.ui.button.js  (18ms)  (pid 8690)
Compiled jquery.ui.datepicker.js  (17ms)  (pid 8690)
Compiled jquery.ui.mouse.js  (20ms)  (pid 8690)
Compiled jquery.ui.draggable.js  (61ms)  (pid 8690)
Compiled jquery.ui.resizable.js  (27ms)  (pid 8690)
Compiled jquery.ui.dialog.js  (164ms)  (pid 8690)
Compiled jquery.ui.droppable.js  (38ms)  (pid 8690)
Compiled jquery.ui.effect.js  (3ms)  (pid 8690)
Compiled jquery.ui.effect-blind.js  (25ms)  (pid 8690)
Compiled jquery.ui.effect-bounce.js  (10ms)  (pid 8690)
Compiled jquery.ui.effect-clip.js  (10ms)  (pid 8690)
Compiled jquery.ui.effect-drop.js  (10ms)  (pid 8690)
Compiled jquery.ui.effect-explode.js  (10ms)  (pid 8690)
Compiled jquery.ui.effect-fade.js  (12ms)  (pid 8690)
Compiled jquery.ui.effect-fold.js  (11ms)  (pid 8690)
Compiled jquery.ui.effect-highlight.js  (10ms)  (pid 8690)
Compiled jquery.ui.effect-pulsate.js  (11ms)  (pid 8690)
Compiled jquery.ui.effect-scale.js  (11ms)  (pid 8690)
Compiled jquery.ui.effect-shake.js  (9ms)  (pid 8690)
Compiled jquery.ui.effect-slide.js  (9ms)  (pid 8690)
Compiled jquery.ui.effect-transfer.js  (10ms)  (pid 8690)
Compiled jquery.ui.progressbar.js  (18ms)  (pid 8690)
Compiled jquery.ui.selectable.js  (32ms)  (pid 8690)
Compiled jquery.ui.slider.js  (35ms)  (pid 8690)
Compiled jquery.ui.sortable.js  (33ms)  (pid 8690)
Compiled jquery.ui.spinner.js  (27ms)  (pid 8690)
Compiled jquery.ui.tabs.js  (23ms)  (pid 8690)
Compiled jquery.ui.tooltip.js  (26ms)  (pid 8690)
Compiled jquery.ui.all.js  (1543ms)  (pid 8690)
Compiled autocomplete-rails.js  (1ms)  (pid 8690)
Compiled ayuda.js  (6ms)  (pid 8690)
Compiled bootstrap.js  (8ms)  (pid 8690)
Compiled categories.js  (2ms)  (pid 8690)
Compiled centers.js  (2ms)  (pid 8690)
Compiled cities.js  (2ms)  (pid 8690)
Compiled clients.js  (2ms)  (pid 8690)
Compiled conditions.js  (2ms)  (pid 8690)
Compiled consume_garments.js  (1ms)  (pid 8690)
Compiled consume_garments.js  (4ms)  (pid 8690)
Compiled countries.js  (2ms)  (pid 8690)
Compiled docs.js  (2ms)  (pid 8690)
Compiled donations.js  (2ms)  (pid 8690)
Compiled entrances.js  (1ms)  (pid 8690)
Compiled entrances.js  (2ms)  (pid 8690)
Compiled garments.js  (4ms)  (pid 8690)
Compiled graduates.js  (2ms)  (pid 8690)
Compiled inputs.js  (3ms)  (pid 8690)
Compiled occupations.js  (3ms)  (pid 8690)
Compiled pacumulations.js  (3ms)  (pid 8690)
Compiled preproduction_cost.js  (1ms)  (pid 8690)
Compiled preproduction_costs.js  (3ms)  (pid 8690)
Compiled procedures.js  (1ms)  (pid 8690)
Compiled procedures.js  (4ms)  (pid 8690)
Compiled production_orders.js  (1ms)  (pid 8690)
Compiled production_orders.js  (3ms)  (pid 8690)
Compiled productions.js  (1ms)  (pid 8690)
Compiled productions.js  (3ms)  (pid 8690)
Compiled purchase_descriptions.js  (4ms)  (pid 8690)
Compiled purchases.js  (1ms)  (pid 8690)
Compiled purchases.js  (4ms)  (pid 8690)
Compiled receipt_descriptions.js  (1ms)  (pid 8690)
Compiled receipt_descriptions.js  (3ms)  (pid 8690)
Compiled receipt_headers.js  (3ms)  (pid 8690)
Compiled records.js  (4ms)  (pid 8690)
Compiled regionals.js  (3ms)  (pid 8690)
Compiled regions.js  (4ms)  (pid 8690)
Compiled sessions.js  (4ms)  (pid 8690)
Compiled statistics.js  (4ms)  (pid 8690)
Compiled suppliers.js  (3ms)  (pid 8690)
Compiled types.js  (4ms)  (pid 8690)
Compiled unities.js  (4ms)  (pid 8690)
Compiled user.js  (1ms)  (pid 8690)
Compiled users.js  (4ms)  (pid 8690)
Compiled application.js  (4153ms)  (pid 8690)
Compiled lazybox.css  (67ms)  (pid 8690)
Compiled jquery.ui.core.css  (10ms)  (pid 8690)
Compiled jquery.ui.theme.css  (210ms)  (pid 8690)
Compiled jquery.ui.accordion.css  (258ms)  (pid 8690)
Compiled jquery.ui.menu.css  (36ms)  (pid 8690)
Compiled jquery.ui.autocomplete.css  (90ms)  (pid 8690)
Compiled jquery.ui.button.css  (36ms)  (pid 8690)
Compiled jquery.ui.datepicker.css  (47ms)  (pid 8690)
Compiled jquery.ui.resizable.css  (32ms)  (pid 8690)
Compiled jquery.ui.dialog.css  (109ms)  (pid 8690)
Compiled jquery.ui.progressbar.css  (29ms)  (pid 8690)
Compiled jquery.ui.selectable.css  (32ms)  (pid 8690)
Compiled jquery.ui.slider.css  (32ms)  (pid 8690)
Compiled jquery.ui.spinner.css  (45ms)  (pid 8690)
Compiled jquery.ui.tabs.css  (30ms)  (pid 8690)
Compiled jquery.ui.tooltip.css  (29ms)  (pid 8690)
Compiled jquery.ui.base.css  (1109ms)  (pid 8690)
Compiled jquery.ui.all.css  (1150ms)  (pid 8690)
Compiled bootstrap_and_overrides.css  (4109ms)  (pid 8690)
Compiled ayuda.css  (6ms)  (pid 8690)
Compiled centers.css  (6ms)  (pid 8690)
Compiled countries.css  (6ms)  (pid 8690)
Compiled jquery-ui.css  (2ms)  (pid 8690)
Compiled occupations.css  (6ms)  (pid 8690)
Compiled regionals.css  (5ms)  (pid 8690)
Compiled scaffolds.css  (44ms)  (pid 8690)
Compiled sessions.css  (5ms)  (pid 8690)
Compiled stadistics.css  (7ms)  (pid 8690)
Compiled users.css  (4ms)  (pid 8690)
Compiled application.css  (5845ms)  (pid 8690)
